[  41335]   WARN - om.intellij.util.ProfilingUtil - Profiling agent is not enabled. Add -agentlib:yjpagent to idea.vmoptions if necessary to profile IDEA. 
[  64326]   WARN - .ExternalResourceManagerExImpl - Cannot find standard resource. filename:/META-INF/tapestry_5_3.xsd class=class com.intellij.javaee.ResourceRegistrarImpl, classLoader:null 
[ 141921]   WARN - openapi.wm.impl.ToolWindowImpl - ToolWindow icons should be 13x13. Please fix ToolWindow (ID:  SBT) or icon jar:file:/home/sandman/.IntelliJIdea14/config/plugins/Scala/lib/scala-plugin.jar!/sbt.png 
[6897565]  ERROR - aemon.impl.PassExecutorService - Cannot create expression from text (<.li).apply 
com.intellij.util.IncorrectOperationException: Cannot create expression from text (<.li).apply
	at org.jetbrains.plugins.scala.lang.psi.impl.ScalaPsiElementFactory$.createExpressionFromText(ScalaPsiElementFactory.scala:149)
	at org.jetbrains.plugins.scala.codeInspection.collections.InvocationTemplate.unapplySeq(InvocationTemplate.scala:41)
	at org.jetbrains.plugins.scala.codeInspection.collections.LastIndexToLast$.getSimplification(LastIndexToLastInspection.scala:19)
	at org.jetbrains.plugins.scala.codeInspection.collections.OperationOnCollectionInspectionBase$$anonfun$org$jetbrains$plugins$scala$codeInspection$collections$OperationOnCollectionInspectionBase$$simplifications$1.apply(OperationOnCollectionInspectionBase.scala:68)
	at org.jetbrains.plugins.scala.codeInspection.collections.OperationOnCollectionInspectionBase$$anonfun$org$jetbrains$plugins$scala$codeInspection$collections$OperationOnCollectionInspectionBase$$simplifications$1.apply(OperationOnCollectionInspectionBase.scala:68)
	at scala.collection.TraversableLike$$anonfun$flatMap$1.apply(TraversableLike.scala:252)
	at scala.collection.TraversableLike$$anonfun$flatMap$1.apply(TraversableLike.scala:252)
	at scala.collection.IndexedSeqOptimized$class.foreach(IndexedSeqOptimized.scala:33)
	at scala.collection.mutable.ArrayOps$ofRef.foreach(ArrayOps.scala:186)
	at scala.collection.TraversableLike$class.flatMap(TraversableLike.scala:252)
	at scala.collection.mutable.ArrayOps$ofRef.flatMap(ArrayOps.scala:186)
	at org.jetbrains.plugins.scala.codeInspection.collections.OperationOnCollectionInspectionBase.org$jetbrains$plugins$scala$codeInspection$collections$OperationOnCollectionInspectionBase$$simplifications(OperationOnCollectionInspectionBase.scala:68)
	at org.jetbrains.plugins.scala.codeInspection.collections.OperationOnCollectionInspectionBase$$anonfun$actionFor$1.applyOrElse(OperationOnCollectionInspectionBase.scala:55)
	at org.jetbrains.plugins.scala.codeInspection.collections.OperationOnCollectionInspectionBase$$anonfun$actionFor$1.applyOrElse(OperationOnCollectionInspectionBase.scala:53)
	at scala.runtime.AbstractPartialFunction.apply(AbstractPartialFunction.scala:36)
	at org.jetbrains.plugins.scala.extensions.VisitorWrapper.visitElement(VisitorWrapper.scala:11)
	at com.intellij.psi.impl.PsiElementBase.accept(PsiElementBase.java:274)
	at org.jetbrains.plugins.scala.lang.psi.ScalaPsiElementImpl.accept(ScalaPsiElementImpl.scala:21)
	at org.jetbrains.plugins.scala.lang.psi.impl.expr.ScMethodCallImpl.accept(ScMethodCallImpl.scala:41)
	at com.intellij.codeInspection.InspectionEngine.acceptElements(InspectionEngine.java:80)
	at com.intellij.codeInspection.InspectionEngine.createVisitorAndAcceptElements(InspectionEngine.java:69)
	at com.intellij.codeInsight.daemon.impl.LocalInspectionsPass.a(LocalInspectionsPass.java:285)
	at com.intellij.codeInsight.daemon.impl.LocalInspectionsPass.access$200(LocalInspectionsPass.java:75)
	at com.intellij.codeInsight.daemon.impl.LocalInspectionsPass$2.process(LocalInspectionsPass.java:254)
	at com.intellij.codeInsight.daemon.impl.LocalInspectionsPass$2.process(LocalInspectionsPass.java:251)
	at com.intellij.concurrency.ApplierCompleter.a(ApplierCompleter.java:122)
	at com.intellij.concurrency.ApplierCompleter.access$000(ApplierCompleter.java:44)
	at com.intellij.concurrency.ApplierCompleter$1.run(ApplierCompleter.java:85)
	at com.intellij.openapi.application.impl.ApplicationImpl.tryRunReadAction(ApplicationImpl.java:1098)
	at com.intellij.concurrency.ApplierCompleter$2.run(ApplierCompleter.java:94)
	at com.intellij.openapi.progress.impl.CoreProgressManager.a(CoreProgressManager.java:452)
	at com.intellij.openapi.progress.impl.CoreProgressManager.a(CoreProgressManager.java:449)
	at com.intellij.openapi.progress.impl.CoreProgressManager.executeProcessUnderProgress(CoreProgressManager.java:402)
	at com.intellij.openapi.progress.impl.ProgressManagerImpl.executeProcessUnderProgress(ProgressManagerImpl.java:54)
	at com.intellij.concurrency.ApplierCompleter.a(ApplierCompleter.java:106)
	at com.intellij.concurrency.ApplierCompleter.compute(ApplierCompleter.java:82)
	at jsr166e.CountedCompleter.exec(CountedCompleter.java:684)
	at jsr166e.ForkJoinTask.doExec(ForkJoinTask.java:260)
	at jsr166e.ForkJoinPool$WorkQueue.runTask(ForkJoinPool.java:858)
	at jsr166e.ForkJoinPool.scan(ForkJoinPool.java:1687)
	at jsr166e.ForkJoinPool.runWorker(ForkJoinPool.java:1642)
	at jsr166e.ForkJoinWorkerThread.run(ForkJoinWorkerThread.java:109)
Caused by: com.intellij.openapi.progress.ProcessCanceledException
[6897607]  ERROR - aemon.impl.PassExecutorService - IntelliJ IDEA 14.1.4  Build #IU-141.1532.4 
[6897608]  ERROR - aemon.impl.PassExecutorService - JDK: 1.7.0_79 
[6897608]  ERROR - aemon.impl.PassExecutorService - VM: OpenJDK 64-Bit Server VM 
[6897608]  ERROR - aemon.impl.PassExecutorService - Vendor: Oracle Corporation 
[6897608]  ERROR - aemon.impl.PassExecutorService - OS: Linux 
[6897608]  ERROR - aemon.impl.PassExecutorService - Last Action: EditorBackSpace 
[6897608]  ERROR - aemon.impl.PassExecutorService - Current Command:  
[7145350]  ERROR - aemon.impl.PassExecutorService - Cannot create expression from text (jQuery).apply 
com.intellij.util.IncorrectOperationException: Cannot create expression from text (jQuery).apply
	at org.jetbrains.plugins.scala.lang.psi.impl.ScalaPsiElementFactory$.createExpressionFromText(ScalaPsiElementFactory.scala:149)
	at org.jetbrains.plugins.scala.codeInspection.collections.InvocationTemplate.unapplySeq(InvocationTemplate.scala:41)
	at org.jetbrains.plugins.scala.codeInspection.collections.RangeToIndices$.getSimplification(RangeToIndicesInspection.scala:19)
	at org.jetbrains.plugins.scala.codeInspection.collections.OperationOnCollectionInspectionBase$$anonfun$org$jetbrains$plugins$scala$codeInspection$collections$OperationOnCollectionInspectionBase$$simplifications$1.apply(OperationOnCollectionInspectionBase.scala:68)
	at org.jetbrains.plugins.scala.codeInspection.collections.OperationOnCollectionInspectionBase$$anonfun$org$jetbrains$plugins$scala$codeInspection$collections$OperationOnCollectionInspectionBase$$simplifications$1.apply(OperationOnCollectionInspectionBase.scala:68)
	at scala.collection.TraversableLike$$anonfun$flatMap$1.apply(TraversableLike.scala:252)
	at scala.collection.TraversableLike$$anonfun$flatMap$1.apply(TraversableLike.scala:252)
	at scala.collection.IndexedSeqOptimized$class.foreach(IndexedSeqOptimized.scala:33)
	at scala.collection.mutable.ArrayOps$ofRef.foreach(ArrayOps.scala:186)
	at scala.collection.TraversableLike$class.flatMap(TraversableLike.scala:252)
	at scala.collection.mutable.ArrayOps$ofRef.flatMap(ArrayOps.scala:186)
	at org.jetbrains.plugins.scala.codeInspection.collections.OperationOnCollectionInspectionBase.org$jetbrains$plugins$scala$codeInspection$collections$OperationOnCollectionInspectionBase$$simplifications(OperationOnCollectionInspectionBase.scala:68)
	at org.jetbrains.plugins.scala.codeInspection.collections.OperationOnCollectionInspectionBase$$anonfun$actionFor$1.applyOrElse(OperationOnCollectionInspectionBase.scala:55)
	at org.jetbrains.plugins.scala.codeInspection.collections.OperationOnCollectionInspectionBase$$anonfun$actionFor$1.applyOrElse(OperationOnCollectionInspectionBase.scala:53)
	at scala.runtime.AbstractPartialFunction.apply(AbstractPartialFunction.scala:36)
	at org.jetbrains.plugins.scala.extensions.VisitorWrapper.visitElement(VisitorWrapper.scala:11)
	at com.intellij.psi.impl.PsiElementBase.accept(PsiElementBase.java:274)
	at org.jetbrains.plugins.scala.lang.psi.ScalaPsiElementImpl.accept(ScalaPsiElementImpl.scala:21)
	at org.jetbrains.plugins.scala.lang.psi.impl.expr.ScMethodCallImpl.accept(ScMethodCallImpl.scala:41)
	at com.intellij.codeInspection.InspectionEngine.acceptElements(InspectionEngine.java:80)
	at com.intellij.codeInspection.InspectionEngine.createVisitorAndAcceptElements(InspectionEngine.java:69)
	at com.intellij.codeInsight.daemon.impl.LocalInspectionsPass.a(LocalInspectionsPass.java:285)
	at com.intellij.codeInsight.daemon.impl.LocalInspectionsPass.access$200(LocalInspectionsPass.java:75)
	at com.intellij.codeInsight.daemon.impl.LocalInspectionsPass$2.process(LocalInspectionsPass.java:254)
	at com.intellij.codeInsight.daemon.impl.LocalInspectionsPass$2.process(LocalInspectionsPass.java:251)
	at com.intellij.concurrency.ApplierCompleter.a(ApplierCompleter.java:122)
	at com.intellij.concurrency.ApplierCompleter.access$000(ApplierCompleter.java:44)
	at com.intellij.concurrency.ApplierCompleter$1.run(ApplierCompleter.java:85)
	at com.intellij.openapi.application.impl.ApplicationImpl.tryRunReadAction(ApplicationImpl.java:1098)
	at com.intellij.concurrency.ApplierCompleter$2.run(ApplierCompleter.java:94)
	at com.intellij.openapi.progress.impl.CoreProgressManager.a(CoreProgressManager.java:452)
	at com.intellij.openapi.progress.impl.CoreProgressManager.a(CoreProgressManager.java:449)
	at com.intellij.openapi.progress.impl.CoreProgressManager.executeProcessUnderProgress(CoreProgressManager.java:402)
	at com.intellij.openapi.progress.impl.ProgressManagerImpl.executeProcessUnderProgress(ProgressManagerImpl.java:54)
	at com.intellij.concurrency.ApplierCompleter.a(ApplierCompleter.java:106)
	at com.intellij.concurrency.ApplierCompleter.compute(ApplierCompleter.java:82)
	at jsr166e.CountedCompleter.exec(CountedCompleter.java:684)
	at jsr166e.ForkJoinTask.doExec(ForkJoinTask.java:260)
	at jsr166e.ForkJoinPool$WorkQueue.runTask(ForkJoinPool.java:858)
	at jsr166e.ForkJoinPool.scan(ForkJoinPool.java:1687)
	at jsr166e.ForkJoinPool.runWorker(ForkJoinPool.java:1642)
	at jsr166e.ForkJoinWorkerThread.run(ForkJoinWorkerThread.java:109)
Caused by: com.intellij.openapi.progress.ProcessCanceledException
[7145352]  ERROR - aemon.impl.PassExecutorService - IntelliJ IDEA 14.1.4  Build #IU-141.1532.4 
[7145352]  ERROR - aemon.impl.PassExecutorService - JDK: 1.7.0_79 
[7145352]  ERROR - aemon.impl.PassExecutorService - VM: OpenJDK 64-Bit Server VM 
[7145352]  ERROR - aemon.impl.PassExecutorService - Vendor: Oracle Corporation 
[7145352]  ERROR - aemon.impl.PassExecutorService - OS: Linux 
[7145352]  ERROR - aemon.impl.PassExecutorService - Last Action: SaveAll 
[7145352]  ERROR - aemon.impl.PassExecutorService - Current Command:  
[7359518]  ERROR - agnostic.FrequentEventDetector - Too many events posted
java.lang.Throwable
	at com.intellij.openapi.diagnostic.FrequentEventDetector.eventHappened(FrequentEventDetector.java:61)
	at com.intellij.openapi.vfs.newvfs.RefreshQueueImpl.a(RefreshQueueImpl.java:97)
	at com.intellij.openapi.vfs.newvfs.RefreshQueueImpl.execute(RefreshQueueImpl.java:66)
	at com.intellij.openapi.vfs.newvfs.RefreshSessionImpl.launch(RefreshSessionImpl.java:104)
	at com.intellij.openapi.vfs.newvfs.RefreshQueue.refresh(RefreshQueue.java:58)
	at com.intellij.openapi.vfs.newvfs.RefreshQueue.refresh(RefreshQueue.java:44)
	at com.intellij.openapi.vfs.newvfs.NewVirtualFile.refresh(NewVirtualFile.java:85)
	at com.intellij.openapi.vfs.VirtualFile.refresh(VirtualFile.java:682)
	at com.intellij.vcsUtil.VcsFileUtil.refreshFiles(VcsFileUtil.java:248)
	at org.jetbrains.plugins.github.GithubShareAction.performFirstCommitIfRequired(GithubShareAction.java:387)
	at org.jetbrains.plugins.github.GithubShareAction.access$300(GithubShareAction.java:74)
	at org.jetbrains.plugins.github.GithubShareAction$1.run(GithubShareAction.java:191)
	at com.intellij.openapi.progress.impl.CoreProgressManager$TaskRunnable.run(CoreProgressManager.java:563)
	at com.intellij.openapi.progress.impl.CoreProgressManager$2.run(CoreProgressManager.java:152)
	at com.intellij.openapi.progress.impl.CoreProgressManager.a(CoreProgressManager.java:452)
	at com.intellij.openapi.progress.impl.CoreProgressManager.executeProcessUnderProgress(CoreProgressManager.java:402)
	at com.intellij.openapi.progress.impl.ProgressManagerImpl.executeProcessUnderProgress(ProgressManagerImpl.java:54)
	at com.intellij.openapi.progress.impl.CoreProgressManager.runProcess(CoreProgressManager.java:137)
	at com.intellij.openapi.progress.impl.ProgressManagerImpl$1.run(ProgressManagerImpl.java:126)
	at com.intellij.openapi.application.impl.ApplicationImpl$8.run(ApplicationImpl.java:400)
	at java.util.concurrent.Executors$RunnableAdapter.call(Executors.java:471)
	at java.util.concurrent.FutureTask.run(FutureTask.java:262)
	at java.util.concurrent.ThreadPoolExecutor.runWorker(ThreadPoolExecutor.java:1145)
	at java.util.concurrent.ThreadPoolExecutor$Worker.run(ThreadPoolExecutor.java:615)
	at java.lang.Thread.run(Thread.java:745)
	at org.jetbrains.ide.PooledThreadExecutor$1$1.run(PooledThreadExecutor.java:56)
 
java.lang.Throwable
	at com.intellij.openapi.diagnostic.Logger.error(Logger.java:115)
	at com.intellij.openapi.diagnostic.FrequentEventDetector.eventHappened(FrequentEventDetector.java:69)
	at com.intellij.openapi.vfs.newvfs.RefreshQueueImpl.a(RefreshQueueImpl.java:97)
	at com.intellij.openapi.vfs.newvfs.RefreshQueueImpl.execute(RefreshQueueImpl.java:66)
	at com.intellij.openapi.vfs.newvfs.RefreshSessionImpl.launch(RefreshSessionImpl.java:104)
	at com.intellij.openapi.vfs.newvfs.RefreshQueue.refresh(RefreshQueue.java:58)
	at com.intellij.openapi.vfs.newvfs.RefreshQueue.refresh(RefreshQueue.java:44)
	at com.intellij.openapi.vfs.newvfs.NewVirtualFile.refresh(NewVirtualFile.java:85)
	at com.intellij.openapi.vfs.VirtualFile.refresh(VirtualFile.java:682)
	at com.intellij.vcsUtil.VcsFileUtil.refreshFiles(VcsFileUtil.java:248)
	at org.jetbrains.plugins.github.GithubShareAction.performFirstCommitIfRequired(GithubShareAction.java:387)
	at org.jetbrains.plugins.github.GithubShareAction.access$300(GithubShareAction.java:74)
	at org.jetbrains.plugins.github.GithubShareAction$1.run(GithubShareAction.java:191)
	at com.intellij.openapi.progress.impl.CoreProgressManager$TaskRunnable.run(CoreProgressManager.java:563)
	at com.intellij.openapi.progress.impl.CoreProgressManager$2.run(CoreProgressManager.java:152)
	at com.intellij.openapi.progress.impl.CoreProgressManager.a(CoreProgressManager.java:452)
	at com.intellij.openapi.progress.impl.CoreProgressManager.executeProcessUnderProgress(CoreProgressManager.java:402)
	at com.intellij.openapi.progress.impl.ProgressManagerImpl.executeProcessUnderProgress(ProgressManagerImpl.java:54)
	at com.intellij.openapi.progress.impl.CoreProgressManager.runProcess(CoreProgressManager.java:137)
	at com.intellij.openapi.progress.impl.ProgressManagerImpl$1.run(ProgressManagerImpl.java:126)
	at com.intellij.openapi.application.impl.ApplicationImpl$8.run(ApplicationImpl.java:400)
	at java.util.concurrent.Executors$RunnableAdapter.call(Executors.java:471)
	at java.util.concurrent.FutureTask.run(FutureTask.java:262)
	at java.util.concurrent.ThreadPoolExecutor.runWorker(ThreadPoolExecutor.java:1145)
	at java.util.concurrent.ThreadPoolExecutor$Worker.run(ThreadPoolExecutor.java:615)
	at java.lang.Thread.run(Thread.java:745)
	at org.jetbrains.ide.PooledThreadExecutor$1$1.run(PooledThreadExecutor.java:56)
[7359518]  ERROR - agnostic.FrequentEventDetector - IntelliJ IDEA 14.1.4  Build #IU-141.1532.4 
[7359519]  ERROR - agnostic.FrequentEventDetector - JDK: 1.7.0_79 
[7359519]  ERROR - agnostic.FrequentEventDetector - VM: OpenJDK 64-Bit Server VM 
[7359519]  ERROR - agnostic.FrequentEventDetector - Vendor: Oracle Corporation 
[7359519]  ERROR - agnostic.FrequentEventDetector - OS: Linux 
[7359519]  ERROR - agnostic.FrequentEventDetector - Last Action: Github.Share 
[7359613]  ERROR - agnostic.FrequentEventDetector - Too many events posted
java.lang.Throwable
	at com.intellij.openapi.diagnostic.FrequentEventDetector.eventHappened(FrequentEventDetector.java:61)
	at com.intellij.openapi.vfs.newvfs.RefreshQueueImpl.a(RefreshQueueImpl.java:97)
	at com.intellij.openapi.vfs.newvfs.RefreshQueueImpl.execute(RefreshQueueImpl.java:66)
	at com.intellij.openapi.vfs.newvfs.RefreshSessionImpl.launch(RefreshSessionImpl.java:104)
	at com.intellij.openapi.vfs.newvfs.RefreshQueue.refresh(RefreshQueue.java:58)
	at com.intellij.openapi.vfs.newvfs.RefreshQueue.refresh(RefreshQueue.java:44)
	at com.intellij.openapi.vfs.newvfs.NewVirtualFile.refresh(NewVirtualFile.java:85)
	at com.intellij.openapi.vfs.VirtualFile.refresh(VirtualFile.java:682)
	at com.intellij.vcsUtil.VcsFileUtil.refreshFiles(VcsFileUtil.java:248)
	at org.jetbrains.plugins.github.GithubShareAction.performFirstCommitIfRequired(GithubShareAction.java:387)
	at org.jetbrains.plugins.github.GithubShareAction.access$300(GithubShareAction.java:74)
	at org.jetbrains.plugins.github.GithubShareAction$1.run(GithubShareAction.java:191)
	at com.intellij.openapi.progress.impl.CoreProgressManager$TaskRunnable.run(CoreProgressManager.java:563)
	at com.intellij.openapi.progress.impl.CoreProgressManager$2.run(CoreProgressManager.java:152)
	at com.intellij.openapi.progress.impl.CoreProgressManager.a(CoreProgressManager.java:452)
	at com.intellij.openapi.progress.impl.CoreProgressManager.executeProcessUnderProgress(CoreProgressManager.java:402)
	at com.intellij.openapi.progress.impl.ProgressManagerImpl.executeProcessUnderProgress(ProgressManagerImpl.java:54)
	at com.intellij.openapi.progress.impl.CoreProgressManager.runProcess(CoreProgressManager.java:137)
	at com.intellij.openapi.progress.impl.ProgressManagerImpl$1.run(ProgressManagerImpl.java:126)
	at com.intellij.openapi.application.impl.ApplicationImpl$8.run(ApplicationImpl.java:400)
	at java.util.concurrent.Executors$RunnableAdapter.call(Executors.java:471)
	at java.util.concurrent.FutureTask.run(FutureTask.java:262)
	at java.util.concurrent.ThreadPoolExecutor.runWorker(ThreadPoolExecutor.java:1145)
	at java.util.concurrent.ThreadPoolExecutor$Worker.run(ThreadPoolExecutor.java:615)
	at java.lang.Thread.run(Thread.java:745)
	at org.jetbrains.ide.PooledThreadExecutor$1$1.run(PooledThreadExecutor.java:56)
 
java.lang.Throwable
	at com.intellij.openapi.diagnostic.Logger.error(Logger.java:115)
	at com.intellij.openapi.diagnostic.FrequentEventDetector.eventHappened(FrequentEventDetector.java:69)
	at com.intellij.openapi.vfs.newvfs.RefreshQueueImpl.a(RefreshQueueImpl.java:97)
	at com.intellij.openapi.vfs.newvfs.RefreshQueueImpl.execute(RefreshQueueImpl.java:66)
	at com.intellij.openapi.vfs.newvfs.RefreshSessionImpl.launch(RefreshSessionImpl.java:104)
	at com.intellij.openapi.vfs.newvfs.RefreshQueue.refresh(RefreshQueue.java:58)
	at com.intellij.openapi.vfs.newvfs.RefreshQueue.refresh(RefreshQueue.java:44)
	at com.intellij.openapi.vfs.newvfs.NewVirtualFile.refresh(NewVirtualFile.java:85)
	at com.intellij.openapi.vfs.VirtualFile.refresh(VirtualFile.java:682)
	at com.intellij.vcsUtil.VcsFileUtil.refreshFiles(VcsFileUtil.java:248)
	at org.jetbrains.plugins.github.GithubShareAction.performFirstCommitIfRequired(GithubShareAction.java:387)
	at org.jetbrains.plugins.github.GithubShareAction.access$300(GithubShareAction.java:74)
	at org.jetbrains.plugins.github.GithubShareAction$1.run(GithubShareAction.java:191)
	at com.intellij.openapi.progress.impl.CoreProgressManager$TaskRunnable.run(CoreProgressManager.java:563)
	at com.intellij.openapi.progress.impl.CoreProgressManager$2.run(CoreProgressManager.java:152)
	at com.intellij.openapi.progress.impl.CoreProgressManager.a(CoreProgressManager.java:452)
	at com.intellij.openapi.progress.impl.CoreProgressManager.executeProcessUnderProgress(CoreProgressManager.java:402)
	at com.intellij.openapi.progress.impl.ProgressManagerImpl.executeProcessUnderProgress(ProgressManagerImpl.java:54)
	at com.intellij.openapi.progress.impl.CoreProgressManager.runProcess(CoreProgressManager.java:137)
	at com.intellij.openapi.progress.impl.ProgressManagerImpl$1.run(ProgressManagerImpl.java:126)
	at com.intellij.openapi.application.impl.ApplicationImpl$8.run(ApplicationImpl.java:400)
	at java.util.concurrent.Executors$RunnableAdapter.call(Executors.java:471)
	at java.util.concurrent.FutureTask.run(FutureTask.java:262)
	at java.util.concurrent.ThreadPoolExecutor.runWorker(ThreadPoolExecutor.java:1145)
	at java.util.concurrent.ThreadPoolExecutor$Worker.run(ThreadPoolExecutor.java:615)
	at java.lang.Thread.run(Thread.java:745)
	at org.jetbrains.ide.PooledThreadExecutor$1$1.run(PooledThreadExecutor.java:56)
[7359614]  ERROR - agnostic.FrequentEventDetector - IntelliJ IDEA 14.1.4  Build #IU-141.1532.4 
[7359614]  ERROR - agnostic.FrequentEventDetector - JDK: 1.7.0_79 
[7359614]  ERROR - agnostic.FrequentEventDetector - VM: OpenJDK 64-Bit Server VM 
[7359614]  ERROR - agnostic.FrequentEventDetector - Vendor: Oracle Corporation 
[7359615]  ERROR - agnostic.FrequentEventDetector - OS: Linux 
[7359615]  ERROR - agnostic.FrequentEventDetector - Last Action: Github.Share 
[7359706]  ERROR - agnostic.FrequentEventDetector - Too many events posted
java.lang.Throwable
	at com.intellij.openapi.diagnostic.FrequentEventDetector.eventHappened(FrequentEventDetector.java:61)
	at com.intellij.openapi.vfs.newvfs.RefreshQueueImpl.a(RefreshQueueImpl.java:97)
	at com.intellij.openapi.vfs.newvfs.RefreshQueueImpl.execute(RefreshQueueImpl.java:66)
	at com.intellij.openapi.vfs.newvfs.RefreshSessionImpl.launch(RefreshSessionImpl.java:104)
	at com.intellij.openapi.vfs.newvfs.RefreshQueue.refresh(RefreshQueue.java:58)
	at com.intellij.openapi.vfs.newvfs.RefreshQueue.refresh(RefreshQueue.java:44)
	at com.intellij.openapi.vfs.newvfs.NewVirtualFile.refresh(NewVirtualFile.java:85)
	at com.intellij.openapi.vfs.VirtualFile.refresh(VirtualFile.java:682)
	at com.intellij.vcsUtil.VcsFileUtil.refreshFiles(VcsFileUtil.java:248)
	at org.jetbrains.plugins.github.GithubShareAction.performFirstCommitIfRequired(GithubShareAction.java:387)
	at org.jetbrains.plugins.github.GithubShareAction.access$300(GithubShareAction.java:74)
	at org.jetbrains.plugins.github.GithubShareAction$1.run(GithubShareAction.java:191)
	at com.intellij.openapi.progress.impl.CoreProgressManager$TaskRunnable.run(CoreProgressManager.java:563)
	at com.intellij.openapi.progress.impl.CoreProgressManager$2.run(CoreProgressManager.java:152)
	at com.intellij.openapi.progress.impl.CoreProgressManager.a(CoreProgressManager.java:452)
	at com.intellij.openapi.progress.impl.CoreProgressManager.executeProcessUnderProgress(CoreProgressManager.java:402)
	at com.intellij.openapi.progress.impl.ProgressManagerImpl.executeProcessUnderProgress(ProgressManagerImpl.java:54)
	at com.intellij.openapi.progress.impl.CoreProgressManager.runProcess(CoreProgressManager.java:137)
	at com.intellij.openapi.progress.impl.ProgressManagerImpl$1.run(ProgressManagerImpl.java:126)
	at com.intellij.openapi.application.impl.ApplicationImpl$8.run(ApplicationImpl.java:400)
	at java.util.concurrent.Executors$RunnableAdapter.call(Executors.java:471)
	at java.util.concurrent.FutureTask.run(FutureTask.java:262)
	at java.util.concurrent.ThreadPoolExecutor.runWorker(ThreadPoolExecutor.java:1145)
	at java.util.concurrent.ThreadPoolExecutor$Worker.run(ThreadPoolExecutor.java:615)
	at java.lang.Thread.run(Thread.java:745)
	at org.jetbrains.ide.PooledThreadExecutor$1$1.run(PooledThreadExecutor.java:56)
 
java.lang.Throwable
	at com.intellij.openapi.diagnostic.Logger.error(Logger.java:115)
	at com.intellij.openapi.diagnostic.FrequentEventDetector.eventHappened(FrequentEventDetector.java:69)
	at com.intellij.openapi.vfs.newvfs.RefreshQueueImpl.a(RefreshQueueImpl.java:97)
	at com.intellij.openapi.vfs.newvfs.RefreshQueueImpl.execute(RefreshQueueImpl.java:66)
	at com.intellij.openapi.vfs.newvfs.RefreshSessionImpl.launch(RefreshSessionImpl.java:104)
	at com.intellij.openapi.vfs.newvfs.RefreshQueue.refresh(RefreshQueue.java:58)
	at com.intellij.openapi.vfs.newvfs.RefreshQueue.refresh(RefreshQueue.java:44)
	at com.intellij.openapi.vfs.newvfs.NewVirtualFile.refresh(NewVirtualFile.java:85)
	at com.intellij.openapi.vfs.VirtualFile.refresh(VirtualFile.java:682)
	at com.intellij.vcsUtil.VcsFileUtil.refreshFiles(VcsFileUtil.java:248)
	at org.jetbrains.plugins.github.GithubShareAction.performFirstCommitIfRequired(GithubShareAction.java:387)
	at org.jetbrains.plugins.github.GithubShareAction.access$300(GithubShareAction.java:74)
	at org.jetbrains.plugins.github.GithubShareAction$1.run(GithubShareAction.java:191)
	at com.intellij.openapi.progress.impl.CoreProgressManager$TaskRunnable.run(CoreProgressManager.java:563)
	at com.intellij.openapi.progress.impl.CoreProgressManager$2.run(CoreProgressManager.java:152)
	at com.intellij.openapi.progress.impl.CoreProgressManager.a(CoreProgressManager.java:452)
	at com.intellij.openapi.progress.impl.CoreProgressManager.executeProcessUnderProgress(CoreProgressManager.java:402)
	at com.intellij.openapi.progress.impl.ProgressManagerImpl.executeProcessUnderProgress(ProgressManagerImpl.java:54)
	at com.intellij.openapi.progress.impl.CoreProgressManager.runProcess(CoreProgressManager.java:137)
	at com.intellij.openapi.progress.impl.ProgressManagerImpl$1.run(ProgressManagerImpl.java:126)
	at com.intellij.openapi.application.impl.ApplicationImpl$8.run(ApplicationImpl.java:400)
	at java.util.concurrent.Executors$RunnableAdapter.call(Executors.java:471)
	at java.util.concurrent.FutureTask.run(FutureTask.java:262)
	at java.util.concurrent.ThreadPoolExecutor.runWorker(ThreadPoolExecutor.java:1145)
	at java.util.concurrent.ThreadPoolExecutor$Worker.run(ThreadPoolExecutor.java:615)
	at java.lang.Thread.run(Thread.java:745)
	at org.jetbrains.ide.PooledThreadExecutor$1$1.run(PooledThreadExecutor.java:56)
[7359706]  ERROR - agnostic.FrequentEventDetector - IntelliJ IDEA 14.1.4  Build #IU-141.1532.4 
[7359707]  ERROR - agnostic.FrequentEventDetector - JDK: 1.7.0_79 
[7359717]  ERROR - agnostic.FrequentEventDetector - VM: OpenJDK 64-Bit Server VM 
[7359717]  ERROR - agnostic.FrequentEventDetector - Vendor: Oracle Corporation 
[7359717]  ERROR - agnostic.FrequentEventDetector - OS: Linux 
[7359717]  ERROR - agnostic.FrequentEventDetector - Last Action: Github.Share 
[7578077]  ERROR - aemon.impl.PassExecutorService - Cannot create expression from text (<.div).apply 
com.intellij.util.IncorrectOperationException: Cannot create expression from text (<.div).apply
	at org.jetbrains.plugins.scala.lang.psi.impl.ScalaPsiElementFactory$.createExpressionFromText(ScalaPsiElementFactory.scala:149)
	at org.jetbrains.plugins.scala.codeInspection.collections.InvocationTemplate.unapplySeq(InvocationTemplate.scala:41)
	at org.jetbrains.plugins.scala.codeInspection.collections.RangeToIndices$.getSimplification(RangeToIndicesInspection.scala:19)
	at org.jetbrains.plugins.scala.codeInspection.collections.OperationOnCollectionInspectionBase$$anonfun$org$jetbrains$plugins$scala$codeInspection$collections$OperationOnCollectionInspectionBase$$simplifications$1.apply(OperationOnCollectionInspectionBase.scala:68)
	at org.jetbrains.plugins.scala.codeInspection.collections.OperationOnCollectionInspectionBase$$anonfun$org$jetbrains$plugins$scala$codeInspection$collections$OperationOnCollectionInspectionBase$$simplifications$1.apply(OperationOnCollectionInspectionBase.scala:68)
	at scala.collection.TraversableLike$$anonfun$flatMap$1.apply(TraversableLike.scala:252)
	at scala.collection.TraversableLike$$anonfun$flatMap$1.apply(TraversableLike.scala:252)
	at scala.collection.IndexedSeqOptimized$class.foreach(IndexedSeqOptimized.scala:33)
	at scala.collection.mutable.ArrayOps$ofRef.foreach(ArrayOps.scala:186)
	at scala.collection.TraversableLike$class.flatMap(TraversableLike.scala:252)
	at scala.collection.mutable.ArrayOps$ofRef.flatMap(ArrayOps.scala:186)
	at org.jetbrains.plugins.scala.codeInspection.collections.OperationOnCollectionInspectionBase.org$jetbrains$plugins$scala$codeInspection$collections$OperationOnCollectionInspectionBase$$simplifications(OperationOnCollectionInspectionBase.scala:68)
	at org.jetbrains.plugins.scala.codeInspection.collections.OperationOnCollectionInspectionBase$$anonfun$actionFor$1.applyOrElse(OperationOnCollectionInspectionBase.scala:55)
	at org.jetbrains.plugins.scala.codeInspection.collections.OperationOnCollectionInspectionBase$$anonfun$actionFor$1.applyOrElse(OperationOnCollectionInspectionBase.scala:53)
	at scala.runtime.AbstractPartialFunction.apply(AbstractPartialFunction.scala:36)
	at org.jetbrains.plugins.scala.extensions.VisitorWrapper.visitElement(VisitorWrapper.scala:11)
	at com.intellij.psi.impl.PsiElementBase.accept(PsiElementBase.java:274)
	at org.jetbrains.plugins.scala.lang.psi.ScalaPsiElementImpl.accept(ScalaPsiElementImpl.scala:21)
	at org.jetbrains.plugins.scala.lang.psi.impl.expr.ScMethodCallImpl.accept(ScMethodCallImpl.scala:41)
	at com.intellij.codeInspection.InspectionEngine.acceptElements(InspectionEngine.java:80)
	at com.intellij.codeInspection.InspectionEngine.createVisitorAndAcceptElements(InspectionEngine.java:69)
	at com.intellij.codeInsight.daemon.impl.LocalInspectionsPass.a(LocalInspectionsPass.java:285)
	at com.intellij.codeInsight.daemon.impl.LocalInspectionsPass.access$200(LocalInspectionsPass.java:75)
	at com.intellij.codeInsight.daemon.impl.LocalInspectionsPass$2.process(LocalInspectionsPass.java:254)
	at com.intellij.codeInsight.daemon.impl.LocalInspectionsPass$2.process(LocalInspectionsPass.java:251)
	at com.intellij.concurrency.ApplierCompleter.a(ApplierCompleter.java:122)
	at com.intellij.concurrency.ApplierCompleter.c(ApplierCompleter.java:211)
	at com.intellij.concurrency.ApplierCompleter.a(ApplierCompleter.java:140)
	at com.intellij.concurrency.ApplierCompleter.access$000(ApplierCompleter.java:44)
	at com.intellij.concurrency.ApplierCompleter$1.run(ApplierCompleter.java:85)
	at com.intellij.openapi.application.impl.ApplicationImpl.tryRunReadAction(ApplicationImpl.java:1098)
	at com.intellij.concurrency.ApplierCompleter$2.run(ApplierCompleter.java:94)
	at com.intellij.openapi.progress.impl.CoreProgressManager.a(CoreProgressManager.java:452)
	at com.intellij.openapi.progress.impl.CoreProgressManager.a(CoreProgressManager.java:449)
	at com.intellij.openapi.progress.impl.CoreProgressManager.executeProcessUnderProgress(CoreProgressManager.java:402)
	at com.intellij.openapi.progress.impl.ProgressManagerImpl.executeProcessUnderProgress(ProgressManagerImpl.java:54)
	at com.intellij.concurrency.ApplierCompleter.a(ApplierCompleter.java:106)
	at com.intellij.concurrency.ApplierCompleter.compute(ApplierCompleter.java:82)
	at jsr166e.CountedCompleter.exec(CountedCompleter.java:684)
	at jsr166e.ForkJoinTask.doExec(ForkJoinTask.java:260)
	at jsr166e.ForkJoinPool$WorkQueue.runTask(ForkJoinPool.java:858)
	at jsr166e.ForkJoinPool.scan(ForkJoinPool.java:1687)
	at jsr166e.ForkJoinPool.runWorker(ForkJoinPool.java:1642)
	at jsr166e.ForkJoinWorkerThread.run(ForkJoinWorkerThread.java:109)
Caused by: com.intellij.openapi.progress.ProcessCanceledException
[7578108]  ERROR - aemon.impl.PassExecutorService - IntelliJ IDEA 14.1.4  Build #IU-141.1532.4 
[7578108]  ERROR - aemon.impl.PassExecutorService - JDK: 1.7.0_79 
[7578108]  ERROR - aemon.impl.PassExecutorService - VM: OpenJDK 64-Bit Server VM 
[7578108]  ERROR - aemon.impl.PassExecutorService - Vendor: Oracle Corporation 
[7578108]  ERROR - aemon.impl.PassExecutorService - OS: Linux 
[7578108]  ERROR - aemon.impl.PassExecutorService - Last Action: SaveAll 
[10038314]  ERROR - aemon.impl.PassExecutorService - Cannot create expression from text (HelloMessage).apply 
com.intellij.util.IncorrectOperationException: Cannot create expression from text (HelloMessage).apply
	at org.jetbrains.plugins.scala.lang.psi.impl.ScalaPsiElementFactory$.createExpressionFromText(ScalaPsiElementFactory.scala:149)
	at org.jetbrains.plugins.scala.codeInspection.collections.InvocationTemplate.unapplySeq(InvocationTemplate.scala:41)
	at org.jetbrains.plugins.scala.codeInspection.collections.LastIndexToLast$.getSimplification(LastIndexToLastInspection.scala:19)
	at org.jetbrains.plugins.scala.codeInspection.collections.OperationOnCollectionInspectionBase$$anonfun$org$jetbrains$plugins$scala$codeInspection$collections$OperationOnCollectionInspectionBase$$simplifications$1.apply(OperationOnCollectionInspectionBase.scala:68)
	at org.jetbrains.plugins.scala.codeInspection.collections.OperationOnCollectionInspectionBase$$anonfun$org$jetbrains$plugins$scala$codeInspection$collections$OperationOnCollectionInspectionBase$$simplifications$1.apply(OperationOnCollectionInspectionBase.scala:68)
	at scala.collection.TraversableLike$$anonfun$flatMap$1.apply(TraversableLike.scala:252)
	at scala.collection.TraversableLike$$anonfun$flatMap$1.apply(TraversableLike.scala:252)
	at scala.collection.IndexedSeqOptimized$class.foreach(IndexedSeqOptimized.scala:33)
	at scala.collection.mutable.ArrayOps$ofRef.foreach(ArrayOps.scala:186)
	at scala.collection.TraversableLike$class.flatMap(TraversableLike.scala:252)
	at scala.collection.mutable.ArrayOps$ofRef.flatMap(ArrayOps.scala:186)
	at org.jetbrains.plugins.scala.codeInspection.collections.OperationOnCollectionInspectionBase.org$jetbrains$plugins$scala$codeInspection$collections$OperationOnCollectionInspectionBase$$simplifications(OperationOnCollectionInspectionBase.scala:68)
	at org.jetbrains.plugins.scala.codeInspection.collections.OperationOnCollectionInspectionBase$$anonfun$actionFor$1.applyOrElse(OperationOnCollectionInspectionBase.scala:55)
	at org.jetbrains.plugins.scala.codeInspection.collections.OperationOnCollectionInspectionBase$$anonfun$actionFor$1.applyOrElse(OperationOnCollectionInspectionBase.scala:53)
	at scala.runtime.AbstractPartialFunction.apply(AbstractPartialFunction.scala:36)
	at org.jetbrains.plugins.scala.extensions.VisitorWrapper.visitElement(VisitorWrapper.scala:11)
	at com.intellij.psi.impl.PsiElementBase.accept(PsiElementBase.java:274)
	at org.jetbrains.plugins.scala.lang.psi.ScalaPsiElementImpl.accept(ScalaPsiElementImpl.scala:21)
	at org.jetbrains.plugins.scala.lang.psi.impl.expr.ScMethodCallImpl.accept(ScMethodCallImpl.scala:41)
	at com.intellij.codeInspection.InspectionEngine.acceptElements(InspectionEngine.java:80)
	at com.intellij.codeInspection.InspectionEngine.createVisitorAndAcceptElements(InspectionEngine.java:69)
	at com.intellij.codeInsight.daemon.impl.LocalInspectionsPass.a(LocalInspectionsPass.java:285)
	at com.intellij.codeInsight.daemon.impl.LocalInspectionsPass.access$200(LocalInspectionsPass.java:75)
	at com.intellij.codeInsight.daemon.impl.LocalInspectionsPass$2.process(LocalInspectionsPass.java:254)
	at com.intellij.codeInsight.daemon.impl.LocalInspectionsPass$2.process(LocalInspectionsPass.java:251)
	at com.intellij.concurrency.ApplierCompleter.a(ApplierCompleter.java:122)
	at com.intellij.concurrency.ApplierCompleter.access$000(ApplierCompleter.java:44)
	at com.intellij.concurrency.ApplierCompleter$1.run(ApplierCompleter.java:85)
	at com.intellij.openapi.application.impl.ApplicationImpl.tryRunReadAction(ApplicationImpl.java:1098)
	at com.intellij.concurrency.ApplierCompleter$2.run(ApplierCompleter.java:94)
	at com.intellij.openapi.progress.impl.CoreProgressManager.a(CoreProgressManager.java:452)
	at com.intellij.openapi.progress.impl.CoreProgressManager.a(CoreProgressManager.java:449)
	at com.intellij.openapi.progress.impl.CoreProgressManager.executeProcessUnderProgress(CoreProgressManager.java:402)
	at com.intellij.openapi.progress.impl.ProgressManagerImpl.executeProcessUnderProgress(ProgressManagerImpl.java:54)
	at com.intellij.concurrency.ApplierCompleter.a(ApplierCompleter.java:106)
	at com.intellij.concurrency.ApplierCompleter.compute(ApplierCompleter.java:82)
	at jsr166e.CountedCompleter.exec(CountedCompleter.java:684)
	at jsr166e.ForkJoinTask.doExec(ForkJoinTask.java:260)
	at jsr166e.ForkJoinPool$WorkQueue.runTask(ForkJoinPool.java:858)
	at jsr166e.ForkJoinPool.scan(ForkJoinPool.java:1687)
	at jsr166e.ForkJoinPool.runWorker(ForkJoinPool.java:1642)
	at jsr166e.ForkJoinWorkerThread.run(ForkJoinWorkerThread.java:109)
Caused by: com.intellij.openapi.progress.ProcessCanceledException
[10038344]  ERROR - aemon.impl.PassExecutorService - IntelliJ IDEA 14.1.4  Build #IU-141.1532.4 
[10038344]  ERROR - aemon.impl.PassExecutorService - JDK: 1.7.0_79 
[10038344]  ERROR - aemon.impl.PassExecutorService - VM: OpenJDK 64-Bit Server VM 
[10038344]  ERROR - aemon.impl.PassExecutorService - Vendor: Oracle Corporation 
[10038344]  ERROR - aemon.impl.PassExecutorService - OS: Linux 
[10038344]  ERROR - aemon.impl.PassExecutorService - Last Action: SaveAll 
[602814266]   WARN - nal.AbstractExternalSystemTask - Error while importing SBT project:
...
	at sbt.MainLoop$.runLoggedLoop(MainLoop.scala:32)
	at sbt.MainLoop$.runLogged(MainLoop.scala:24)
	at sbt.StandardMain$.runManaged(Main.scala:53)
	at sbt.xMain.run(Main.scala:28)
	at xsbt.boot.Launch$$anonfun$run$1.apply(Launch.scala:109)
	at xsbt.boot.Launch$.withContextLoader(Launch.scala:129)
	at xsbt.boot.Launch$.run(Launch.scala:109)
	at xsbt.boot.Launch$$anonfun$apply$1.apply(Launch.scala:36)
	at xsbt.boot.Launch$.launch(Launch.scala:117)
	at xsbt.boot.Launch$.apply(Launch.scala:19)
	at xsbt.boot.Boot$.runImpl(Boot.scala:44)
	at xsbt.boot.Boot$.main(Boot.scala:20)
	at xsbt.boot.Boot.main(Boot.scala)
[error] References to undefined settings: 
[error] 
[error]   *:bootSnippet from *:updateBrowsers (/home/sandman/IdeaProjects/reactFluxEditorInScala/build.sbt:5)
[error] 
[error]   *:bootSnippet from *:server (/home/sandman/IdeaProjects/reactFluxEditorInScala/build.sbt:5)
[error]  
[error] Use 'last' for the full log.

See complete log in /home/sandman/.IntelliJIdea14/system/log/sbt.last.log 
com.intellij.openapi.externalSystem.model.ExternalSystemException: Error while importing SBT project:
...
	at sbt.MainLoop$.runLoggedLoop(MainLoop.scala:32)
	at sbt.MainLoop$.runLogged(MainLoop.scala:24)
	at sbt.StandardMain$.runManaged(Main.scala:53)
	at sbt.xMain.run(Main.scala:28)
	at xsbt.boot.Launch$$anonfun$run$1.apply(Launch.scala:109)
	at xsbt.boot.Launch$.withContextLoader(Launch.scala:129)
	at xsbt.boot.Launch$.run(Launch.scala:109)
	at xsbt.boot.Launch$$anonfun$apply$1.apply(Launch.scala:36)
	at xsbt.boot.Launch$.launch(Launch.scala:117)
	at xsbt.boot.Launch$.apply(Launch.scala:19)
	at xsbt.boot.Boot$.runImpl(Boot.scala:44)
	at xsbt.boot.Boot$.main(Boot.scala:20)
	at xsbt.boot.Boot.main(Boot.scala)
[error] References to undefined settings: 
[error] 
[error]   *:bootSnippet from *:updateBrowsers (/home/sandman/IdeaProjects/reactFluxEditorInScala/build.sbt:5)
[error] 
[error]   *:bootSnippet from *:server (/home/sandman/IdeaProjects/reactFluxEditorInScala/build.sbt:5)
[error]  
[error] Use 'last' for the full log.

See complete log in /home/sandman/.IntelliJIdea14/system/log/sbt.last.log
	at com.intellij.openapi.externalSystem.service.remote.wrapper.ExternalSystemProjectResolverWrapper.resolveProjectInfo(ExternalSystemProjectResolverWrapper.java:59)
	at com.intellij.openapi.externalSystem.service.internal.ExternalSystemResolveProjectTask.doExecute(ExternalSystemResolveProjectTask.java:51)
	at com.intellij.openapi.externalSystem.service.internal.AbstractExternalSystemTask.execute(AbstractExternalSystemTask.java:138)
	at com.intellij.openapi.externalSystem.service.internal.AbstractExternalSystemTask.execute(AbstractExternalSystemTask.java:124)
	at com.intellij.openapi.externalSystem.util.ExternalSystemUtil$4.execute(ExternalSystemUtil.java:540)
	at com.intellij.openapi.externalSystem.util.ExternalSystemUtil$5$2.run(ExternalSystemUtil.java:621)
	at com.intellij.openapi.progress.impl.CoreProgressManager$TaskRunnable.run(CoreProgressManager.java:563)
	at com.intellij.openapi.progress.impl.CoreProgressManager$2.run(CoreProgressManager.java:152)
	at com.intellij.openapi.progress.impl.CoreProgressManager.a(CoreProgressManager.java:452)
	at com.intellij.openapi.progress.impl.CoreProgressManager.executeProcessUnderProgress(CoreProgressManager.java:402)
	at com.intellij.openapi.progress.impl.ProgressManagerImpl.executeProcessUnderProgress(ProgressManagerImpl.java:54)
	at com.intellij.openapi.progress.impl.CoreProgressManager.runProcess(CoreProgressManager.java:137)
	at com.intellij.openapi.progress.impl.ProgressManagerImpl$1.run(ProgressManagerImpl.java:126)
	at com.intellij.openapi.application.impl.ApplicationImpl$8.run(ApplicationImpl.java:400)
	at java.util.concurrent.Executors$RunnableAdapter.call(Executors.java:471)
	at java.util.concurrent.FutureTask.run(FutureTask.java:262)
	at java.util.concurrent.ThreadPoolExecutor.runWorker(ThreadPoolExecutor.java:1145)
	at java.util.concurrent.ThreadPoolExecutor$Worker.run(ThreadPoolExecutor.java:615)
	at java.lang.Thread.run(Thread.java:745)
	at org.jetbrains.ide.PooledThreadExecutor$1$1.run(PooledThreadExecutor.java:56)
java.lang.reflect.UndeclaredThrowableException
	at com.sun.proxy.$Proxy3.resolveProjectInfo(Unknown Source)
	at sun.reflect.NativeMethodAccessorImpl.invoke0(Native Method)
	at sun.reflect.NativeMethodAccessorImpl.invoke(NativeMethodAccessorImpl.java:57)
	at sun.reflect.DelegatingMethodAccessorImpl.invoke(DelegatingMethodAccessorImpl.java:43)
	at java.lang.reflect.Method.invoke(Method.java:606)
	at sun.rmi.server.UnicastServerRef.dispatch(UnicastServerRef.java:322)
	at sun.rmi.transport.Transport$2.run(Transport.java:202)
	at sun.rmi.transport.Transport$2.run(Transport.java:199)
	at java.security.AccessController.doPrivileged(Native Method)
	at sun.rmi.transport.Transport.serviceCall(Transport.java:198)
	at sun.rmi.transport.tcp.TCPTransport.handleMessages(TCPTransport.java:567)
	at sun.rmi.transport.tcp.TCPTransport$ConnectionHandler.run0(TCPTransport.java:828)
	at sun.rmi.transport.tcp.TCPTransport$ConnectionHandler.access$400(TCPTransport.java:619)
	at sun.rmi.transport.tcp.TCPTransport$ConnectionHandler$1.run(TCPTransport.java:684)
	at sun.rmi.transport.tcp.TCPTransport$ConnectionHandler$1.run(TCPTransport.java:681)
	at java.security.AccessController.doPrivileged(Native Method)
	at sun.rmi.transport.tcp.TCPTransport$ConnectionHandler.run(TCPTransport.java:681)
	at java.util.concurrent.ThreadPoolExecutor.runWorker(ThreadPoolExecutor.java:1145)
	at java.util.concurrent.ThreadPoolExecutor$Worker.run(ThreadPoolExecutor.java:615)
	at java.lang.Thread.run(Thread.java:745)
	at sun.rmi.transport.StreamRemoteCall.exceptionReceivedFromServer(StreamRemoteCall.java:275)
	at sun.rmi.transport.StreamRemoteCall.executeCall(StreamRemoteCall.java:252)
	at sun.rmi.server.UnicastRef.invoke(UnicastRef.java:161)
	at java.rmi.server.RemoteObjectInvocationHandler.invokeRemoteMethod(RemoteObjectInvocationHandler.java:217)
	at java.rmi.server.RemoteObjectInvocationHandler.invoke(RemoteObjectInvocationHandler.java:171)
	at com.sun.proxy.$Proxy122.resolveProjectInfo(Unknown Source)
	at sun.reflect.NativeMethodAccessorImpl.invoke0(Native Method)
	at sun.reflect.NativeMethodAccessorImpl.invoke(NativeMethodAccessorImpl.java:57)
	at sun.reflect.DelegatingMethodAccessorImpl.invoke(DelegatingMethodAccessorImpl.java:43)
	at java.lang.reflect.Method.invoke(Method.java:606)
	at com.intellij.execution.rmi.RemoteUtil.invokeRemote(RemoteUtil.java:124)
	at com.intellij.execution.rmi.RemoteUtil.access$100(RemoteUtil.java:36)
	at com.intellij.execution.rmi.RemoteUtil$2$1$1.compute(RemoteUtil.java:105)
	at com.intellij.execution.rmi.RemoteUtil.executeWithClassLoader(RemoteUtil.java:181)
	at com.intellij.execution.rmi.RemoteUtil$2$1.invoke(RemoteUtil.java:102)
	at com.sun.proxy.$Proxy122.resolveProjectInfo(Unknown Source)
	at com.intellij.openapi.externalSystem.service.remote.wrapper.ExternalSystemProjectResolverWrapper.resolveProjectInfo(ExternalSystemProjectResolverWrapper.java:49)
	at com.intellij.openapi.externalSystem.service.internal.ExternalSystemResolveProjectTask.doExecute(ExternalSystemResolveProjectTask.java:51)
	at com.intellij.openapi.externalSystem.service.internal.AbstractExternalSystemTask.execute(AbstractExternalSystemTask.java:138)
	at com.intellij.openapi.externalSystem.service.internal.AbstractExternalSystemTask.execute(AbstractExternalSystemTask.java:124)
	at com.intellij.openapi.externalSystem.util.ExternalSystemUtil$4.execute(ExternalSystemUtil.java:540)
	at com.intellij.openapi.externalSystem.util.ExternalSystemUtil$5$2.run(ExternalSystemUtil.java:621)
	at com.intellij.openapi.progress.impl.CoreProgressManager$TaskRunnable.run(CoreProgressManager.java:563)
	at com.intellij.openapi.progress.impl.CoreProgressManager$2.run(CoreProgressManager.java:152)
	at com.intellij.openapi.progress.impl.CoreProgressManager.a(CoreProgressManager.java:452)
	at com.intellij.openapi.progress.impl.CoreProgressManager.executeProcessUnderProgress(CoreProgressManager.java:402)
	at com.intellij.openapi.progress.impl.ProgressManagerImpl.executeProcessUnderProgress(ProgressManagerImpl.java:54)
	at com.intellij.openapi.progress.impl.CoreProgressManager.runProcess(CoreProgressManager.java:137)
	at com.intellij.openapi.progress.impl.ProgressManagerImpl$1.run(ProgressManagerImpl.java:126)
	at com.intellij.openapi.application.impl.ApplicationImpl$8.run(ApplicationImpl.java:400)
	at java.util.concurrent.Executors$RunnableAdapter.call(Executors.java:471)
	at java.util.concurrent.FutureTask.run(FutureTask.java:262)
	at java.util.concurrent.ThreadPoolExecutor.runWorker(ThreadPoolExecutor.java:1145)
	at java.util.concurrent.ThreadPoolExecutor$Worker.run(ThreadPoolExecutor.java:615)
	at java.lang.Thread.run(Thread.java:745)
	at org.jetbrains.ide.PooledThreadExecutor$1$1.run(PooledThreadExecutor.java:56)
Caused by: java.lang.reflect.InvocationTargetException
	at sun.reflect.NativeMethodAccessorImpl.invoke0(Native Method)
	at sun.reflect.NativeMethodAccessorImpl.invoke(NativeMethodAccessorImpl.java:57)
	at sun.reflect.DelegatingMethodAccessorImpl.invoke(DelegatingMethodAccessorImpl.java:43)
	at java.lang.reflect.Method.invoke(Method.java:606)
	at com.intellij.openapi.externalSystem.service.RemoteExternalSystemFacadeImpl$1.invoke(RemoteExternalSystemFacadeImpl.java:113)
	at com.sun.proxy.$Proxy3.resolveProjectInfo(Unknown Source)
	at sun.reflect.NativeMethodAccessorImpl.invoke0(Native Method)
	at sun.reflect.NativeMethodAccessorImpl.invoke(NativeMethodAccessorImpl.java:57)
	at sun.reflect.DelegatingMethodAccessorImpl.invoke(DelegatingMethodAccessorImpl.java:43)
	at java.lang.reflect.Method.invoke(Method.java:606)
	at sun.rmi.server.UnicastServerRef.dispatch(UnicastServerRef.java:322)
	at sun.rmi.transport.Transport$2.run(Transport.java:202)
	at sun.rmi.transport.Transport$2.run(Transport.java:199)
	at java.security.AccessController.doPrivileged(Native Method)
	at sun.rmi.transport.Transport.serviceCall(Transport.java:198)
	at sun.rmi.transport.tcp.TCPTransport.handleMessages(TCPTransport.java:567)
	at sun.rmi.transport.tcp.TCPTransport$ConnectionHandler.run0(TCPTransport.java:828)
	at sun.rmi.transport.tcp.TCPTransport$ConnectionHandler.access$400(TCPTransport.java:619)
	at sun.rmi.transport.tcp.TCPTransport$ConnectionHandler$1.run(TCPTransport.java:684)
	at sun.rmi.transport.tcp.TCPTransport$ConnectionHandler$1.run(TCPTransport.java:681)
	at java.security.AccessController.doPrivileged(Native Method)
	at sun.rmi.transport.tcp.TCPTransport$ConnectionHandler.run(TCPTransport.java:681)
	at java.util.concurrent.ThreadPoolExecutor.runWorker(ThreadPoolExecutor.java:1145)
	at java.util.concurrent.ThreadPoolExecutor$Worker.run(ThreadPoolExecutor.java:615)
	at java.lang.Thread.run(Thread.java:745)
Caused by: com.intellij.openapi.externalSystem.model.ExternalSystemException: Error while importing SBT project:
...
	at sbt.MainLoop$.runLoggedLoop(MainLoop.scala:32)
	at sbt.MainLoop$.runLogged(MainLoop.scala:24)
	at sbt.StandardMain$.runManaged(Main.scala:53)
	at sbt.xMain.run(Main.scala:28)
	at xsbt.boot.Launch$$anonfun$run$1.apply(Launch.scala:109)
	at xsbt.boot.Launch$.withContextLoader(Launch.scala:129)
	at xsbt.boot.Launch$.run(Launch.scala:109)
	at xsbt.boot.Launch$$anonfun$apply$1.apply(Launch.scala:36)
	at xsbt.boot.Launch$.launch(Launch.scala:117)
	at xsbt.boot.Launch$.apply(Launch.scala:19)
	at xsbt.boot.Boot$.runImpl(Boot.scala:44)
	at xsbt.boot.Boot$.main(Boot.scala:20)
	at xsbt.boot.Boot.main(Boot.scala)
[error] References to undefined settings: 
[error] 
[error]   *:bootSnippet from *:updateBrowsers (/home/sandman/IdeaProjects/reactFluxEditorInScala/build.sbt:5)
[error] 
[error]   *:bootSnippet from *:server (/home/sandman/IdeaProjects/reactFluxEditorInScala/build.sbt:5)
[error]  
[error] Use 'last' for the full log.

See complete log in /home/sandman/.IntelliJIdea14/system/log/sbt.last.log
	at org.jetbrains.sbt.project.SbtProjectResolver.resolveProjectInfo(SbtProjectResolver.scala:55)
	at org.jetbrains.sbt.project.SbtProjectResolver.resolveProjectInfo(SbtProjectResolver.scala:23)
	at com.intellij.openapi.externalSystem.service.remote.RemoteExternalSystemProjectResolverImpl$1.produce(RemoteExternalSystemProjectResolverImpl.java:41)
	at com.intellij.openapi.externalSystem.service.remote.RemoteExternalSystemProjectResolverImpl$1.produce(RemoteExternalSystemProjectResolverImpl.java:37)
	at com.intellij.openapi.externalSystem.service.remote.AbstractRemoteExternalSystemService.execute(AbstractRemoteExternalSystemService.java:59)
	at com.intellij.openapi.externalSystem.service.remote.RemoteExternalSystemProjectResolverImpl.resolveProjectInfo(RemoteExternalSystemProjectResolverImpl.java:37)
	... 25 more

g_dbus_connection_real_closed: Remote peer vanished with error: Underlying GIOStream returned 0 bytes on an async read (g-io-error-quark, 0). Exiting.
